Update Managed Component ? From CMP-064-000001-1[PCB-BOM] To CMP-064-000001-1[PCB-BOM] in Dissipation de puissance.SchDoc
Update Managed Component C? From CMP-065-000038-2[100nF] To CMP-065-000038-2[100nF] in Dissipation de puissance.SchDoc
Update Managed Component C? From CMP-065-000041-2[1uF] To CMP-065-000041-2[1uF] in Dissipation de puissance.SchDoc
Update Managed Component C? From CMP-065-000038-2[100nF] To CMP-065-000038-2[100nF] in Dissipation de puissance.SchDoc
Update Managed Component C? From CMP-065-000038-2[100nF] To CMP-065-000038-2[100nF] in Dissipation de puissance.SchDoc
Update Managed Component C? From CMP-065-000038-2[100nF] To CMP-065-000038-2[100nF] in Dissipation de puissance.SchDoc
Update Managed Component F? From CMP-067-000003-1[5x20mm] To CMP-067-000003-1[5x20mm] in Dissipation de puissance.SchDoc
Update Managed Component K? From CMP-054-000001-1[4mm/RD] To CMP-054-000001-1[4mm/RD] in Dissipation de puissance.SchDoc
Update Managed Component K? From CMP-054-000000-1[4mm/BK] To CMP-054-000000-1[4mm/BK] in Dissipation de puissance.SchDoc
Replace Part K? INFINEON IRLR3114ZTRPBF in C:\Users\alyvasseur\Education Vaud\ETML_FLO-22-24_Teams - Vasseur\DAT\1438\5-Hardware\1438-5100-Puit de courant\Dissipation de puissance.SchDoc with INFINEON IRLR3114ZTRPBF from INFINEON IRLR3114ZTRPBF.SchLib
Replace Part K? LM317T in C:\Users\alyvasseur\Education Vaud\ETML_FLO-22-24_Teams - Vasseur\DAT\1438\5-Hardware\1438-5100-Puit de courant\Dissipation de puissance.SchDoc with LM317T from LM317T.SchLib
Update Managed Component P? From CMP-064-000000-1[ETML-CU] To CMP-064-000000-1[ETML-CU] in Dissipation de puissance.SchDoc
Update Managed Component R? From CMP-066-000203-2[22k] To CMP-066-000203-2[22k] in Dissipation de puissance.SchDoc
Update Managed Component R? From CMP-066-000199-2[10k] To CMP-066-000199-2[10k] in Dissipation de puissance.SchDoc
Update Managed Component R? From CMP-066-000177-2[150R] To CMP-066-000177-2[150R] in Dissipation de puissance.SchDoc
Update Managed Component R? From CMP-066-000203-2[22k] To CMP-066-000203-2[22k] in Dissipation de puissance.SchDoc
Update Managed Component R? From CMP-066-000190-2[1K8] To CMP-066-000190-2[1K8] in Dissipation de puissance.SchDoc
Update Managed Component R? From CMP-066-000207-2[47k] To CMP-066-000207-2[47k] in Dissipation de puissance.SchDoc
Update Managed Component R? From CMP-066-000179-2[220R] To CMP-066-000179-2[220R] in Dissipation de puissance.SchDoc
Update Managed Component R? From CMP-066-000215-2[220k] To CMP-066-000215-2[220k] in Dissipation de puissance.SchDoc
Update Managed Component R? From CMP-066-000150-2[Non placé] To CMP-066-000150-2[0R] in Dissipation de puissance.SchDoc
Update Managed Component R? From CMP-066-000199-2[10k] To CMP-066-000199-2[10k] in Dissipation de puissance.SchDoc
Update Managed Component R? From CMP-066-000235-2[200R] To CMP-066-000235-2[200R] in Dissipation de puissance.SchDoc
Update Managed Component R? From CMP-066-000235-2[200R] To CMP-066-000235-2[200R] in Dissipation de puissance.SchDoc
Update Managed Component X? From CMP-055-000006-1[2.54] To CMP-055-000006-1[2.54] in Dissipation de puissance.SchDoc
Update Managed Component X? From CMP-055-000006-1[2.54] To CMP-055-000006-1[2.54] in Dissipation de puissance.SchDoc
Update Managed Component X? From CMP-054-000008-1[2.54] To CMP-054-000008-1[2.54] in Dissipation de puissance.SchDoc
