Added Component: Designator=C7(NIC-CAPA2-6.3X7.7_V)
Added Component: Designator=K4(FP-D0008A-IPC_B)
Added Component: Designator=K9(D0008A_M)
Added Component: Designator=K10(ONSC-SOT-23-3-318-08_V)
Added Component: Designator=R3(NEOHM 1W ROX1S)
Add component (AddParameter): Name = "Category"; Value = "Passives"; VariantName = "[No Variations]"
Add component (AddParameter): Name = "Current"; Value = ""; VariantName = "[No Variations]"
Add component (AddParameter): Name = "Dielectric"; Value = ""; VariantName = "[No Variations]"
Add component (AddParameter): Name = "IsStocked"; Value = "1"; VariantName = "[No Variations]"
Add component (AddParameter): Name = "Manufacturer"; Value = "Vishay"; VariantName = "[No Variations]"
Add component (AddParameter): Name = "Manufacturer Number"; Value = "MRS25000C3308FCT00"; VariantName = "[No Variations]"
Add component (AddParameter): Name = "PN"; Value = "PN-918915"; VariantName = "[No Variations]"
Add component (AddParameter): Name = "Power"; Value = "0.6W"; VariantName = "[No Variations]"
Add component (AddParameter): Name = "SubCategory"; Value = "Resistances film metallique"; VariantName = "[No Variations]"
Add component (AddParameter): Name = "Supplier 1"; Value = "Farnell"; VariantName = "[No Variations]"
Add component (AddParameter): Name = "Supplier 2"; Value = "Mouser"; VariantName = "[No Variations]"
Add component (AddParameter): Name = "Supplier 3"; Value = "Digikey"; VariantName = "[No Variations]"
Add component (AddParameter): Name = "Supplier Part Number 1"; Value = "3399704"; VariantName = "[No Variations]"
Add component (AddParameter): Name = "Supplier Part Number 2"; Value = "279-ROX1SJ3R3"; VariantName = "[No Variations]"
Add component (AddParameter): Name = "Supplier Part Number 3"; Value = "A131468CT-ND"; VariantName = "[No Variations]"
Add component (AddParameter): Name = "Supplier Price 1"; Value = "0.1500"; VariantName = "[No Variations]"
Add component (AddParameter): Name = "TemperatureCoeff"; Value = "±50ppm/°C"; VariantName = "[No Variations]"
Add component (AddParameter): Name = "TemperatureRange"; Value = "-55°C to 155°C"; VariantName = "[No Variations]"
Add component (AddParameter): Name = "Tolerance"; Value = "±1%"; VariantName = "[No Variations]"
Add component (AddParameter): Name = "Value"; Value = "3.3"; VariantName = "[No Variations]"
Add component (AddParameter): Name = "Voltage"; Value = "350V"; VariantName = "[No Variations]"
Added Component: Designator=R4(NEOHM 1W ROX1S)
Add component (AddParameter): Name = "Category"; Value = "Passives"; VariantName = "[No Variations]"
Add component (AddParameter): Name = "Current"; Value = ""; VariantName = "[No Variations]"
Add component (AddParameter): Name = "Dielectric"; Value = ""; VariantName = "[No Variations]"
Add component (AddParameter): Name = "IsStocked"; Value = "1"; VariantName = "[No Variations]"
Add component (AddParameter): Name = "Manufacturer"; Value = "Vishay"; VariantName = "[No Variations]"
Add component (AddParameter): Name = "Manufacturer Number"; Value = "MRS25000C3308FCT00"; VariantName = "[No Variations]"
Add component (AddParameter): Name = "PN"; Value = "PN-918915"; VariantName = "[No Variations]"
Add component (AddParameter): Name = "Power"; Value = "0.6W"; VariantName = "[No Variations]"
Add component (AddParameter): Name = "SubCategory"; Value = "Resistances film metallique"; VariantName = "[No Variations]"
Add component (AddParameter): Name = "Supplier 1"; Value = "Farnell"; VariantName = "[No Variations]"
Add component (AddParameter): Name = "Supplier 2"; Value = "Mouser"; VariantName = "[No Variations]"
Add component (AddParameter): Name = "Supplier 3"; Value = "Digikey"; VariantName = "[No Variations]"
Add component (AddParameter): Name = "Supplier Part Number 1"; Value = "3399704"; VariantName = "[No Variations]"
Add component (AddParameter): Name = "Supplier Part Number 2"; Value = "279-ROX1SJ3R3"; VariantName = "[No Variations]"
Add component (AddParameter): Name = "Supplier Part Number 3"; Value = "A131468CT-ND"; VariantName = "[No Variations]"
Add component (AddParameter): Name = "Supplier Price 1"; Value = "0.1500"; VariantName = "[No Variations]"
Add component (AddParameter): Name = "TemperatureCoeff"; Value = "±50ppm/°C"; VariantName = "[No Variations]"
Add component (AddParameter): Name = "TemperatureRange"; Value = "-55°C to 155°C"; VariantName = "[No Variations]"
Add component (AddParameter): Name = "Tolerance"; Value = "±1%"; VariantName = "[No Variations]"
Add component (AddParameter): Name = "Value"; Value = "3.3"; VariantName = "[No Variations]"
Add component (AddParameter): Name = "Voltage"; Value = "350V"; VariantName = "[No Variations]"
Added Component: Designator=R7(NEOHM 1W ROX1S)
Add component (AddParameter): Name = "Category"; Value = "Passives"; VariantName = "[No Variations]"
Add component (AddParameter): Name = "Current"; Value = ""; VariantName = "[No Variations]"
Add component (AddParameter): Name = "Dielectric"; Value = ""; VariantName = "[No Variations]"
Add component (AddParameter): Name = "IsStocked"; Value = "1"; VariantName = "[No Variations]"
Add component (AddParameter): Name = "Manufacturer"; Value = "Vishay"; VariantName = "[No Variations]"
Add component (AddParameter): Name = "Manufacturer Number"; Value = "MRS25000C3308FCT00"; VariantName = "[No Variations]"
Add component (AddParameter): Name = "PN"; Value = "PN-918915"; VariantName = "[No Variations]"
Add component (AddParameter): Name = "Power"; Value = "0.6W"; VariantName = "[No Variations]"
Add component (AddParameter): Name = "SubCategory"; Value = "Resistances film metallique"; VariantName = "[No Variations]"
Add component (AddParameter): Name = "Supplier 1"; Value = "Farnell"; VariantName = "[No Variations]"
Add component (AddParameter): Name = "Supplier 2"; Value = "Mouser"; VariantName = "[No Variations]"
Add component (AddParameter): Name = "Supplier 3"; Value = "Digikey"; VariantName = "[No Variations]"
Add component (AddParameter): Name = "Supplier Part Number 1"; Value = "3399704"; VariantName = "[No Variations]"
Add component (AddParameter): Name = "Supplier Part Number 2"; Value = "279-ROX1SJ3R3"; VariantName = "[No Variations]"
Add component (AddParameter): Name = "Supplier Part Number 3"; Value = "A131468CT-ND"; VariantName = "[No Variations]"
Add component (AddParameter): Name = "Supplier Price 1"; Value = "0.1500"; VariantName = "[No Variations]"
Add component (AddParameter): Name = "TemperatureCoeff"; Value = "±50ppm/°C"; VariantName = "[No Variations]"
Add component (AddParameter): Name = "TemperatureRange"; Value = "-55°C to 155°C"; VariantName = "[No Variations]"
Add component (AddParameter): Name = "Tolerance"; Value = "±1%"; VariantName = "[No Variations]"
Add component (AddParameter): Name = "Value"; Value = "2.2"; VariantName = "[No Variations]"
Add component (AddParameter): Name = "Voltage"; Value = "350V"; VariantName = "[No Variations]"
Added Component: Designator=R8(NEOHM 1W ROX1S)
Add component (AddParameter): Name = "Category"; Value = "Passives"; VariantName = "[No Variations]"
Add component (AddParameter): Name = "Current"; Value = ""; VariantName = "[No Variations]"
Add component (AddParameter): Name = "Dielectric"; Value = ""; VariantName = "[No Variations]"
Add component (AddParameter): Name = "IsStocked"; Value = "1"; VariantName = "[No Variations]"
Add component (AddParameter): Name = "Manufacturer"; Value = "Vishay"; VariantName = "[No Variations]"
Add component (AddParameter): Name = "Manufacturer Number"; Value = "MRS25000C3308FCT00"; VariantName = "[No Variations]"
Add component (AddParameter): Name = "PN"; Value = "PN-918915"; VariantName = "[No Variations]"
Add component (AddParameter): Name = "Power"; Value = "0.6W"; VariantName = "[No Variations]"
Add component (AddParameter): Name = "SubCategory"; Value = "Resistances film metallique"; VariantName = "[No Variations]"
Add component (AddParameter): Name = "Supplier 1"; Value = "Farnell"; VariantName = "[No Variations]"
Add component (AddParameter): Name = "Supplier 2"; Value = "Mouser"; VariantName = "[No Variations]"
Add component (AddParameter): Name = "Supplier 3"; Value = "Digikey"; VariantName = "[No Variations]"
Add component (AddParameter): Name = "Supplier Part Number 1"; Value = "3399704"; VariantName = "[No Variations]"
Add component (AddParameter): Name = "Supplier Part Number 2"; Value = "279-ROX1SJ3R3"; VariantName = "[No Variations]"
Add component (AddParameter): Name = "Supplier Part Number 3"; Value = "A131468CT-ND"; VariantName = "[No Variations]"
Add component (AddParameter): Name = "Supplier Price 1"; Value = "0.1500"; VariantName = "[No Variations]"
Add component (AddParameter): Name = "TemperatureCoeff"; Value = "±50ppm/°C"; VariantName = "[No Variations]"
Add component (AddParameter): Name = "TemperatureRange"; Value = "-55°C to 155°C"; VariantName = "[No Variations]"
Add component (AddParameter): Name = "Tolerance"; Value = "±1%"; VariantName = "[No Variations]"
Add component (AddParameter): Name = "Value"; Value = "2.2"; VariantName = "[No Variations]"
Add component (AddParameter): Name = "Voltage"; Value = "350V"; VariantName = "[No Variations]"
Added Component: Designator=R9(NEOHM 1W ROX1S)
Add component (AddParameter): Name = "Category"; Value = "Passives"; VariantName = "[No Variations]"
Add component (AddParameter): Name = "Current"; Value = ""; VariantName = "[No Variations]"
Add component (AddParameter): Name = "Dielectric"; Value = ""; VariantName = "[No Variations]"
Add component (AddParameter): Name = "IsStocked"; Value = "1"; VariantName = "[No Variations]"
Add component (AddParameter): Name = "Manufacturer"; Value = "Vishay"; VariantName = "[No Variations]"
Add component (AddParameter): Name = "Manufacturer Number"; Value = "MRS25000C3308FCT00"; VariantName = "[No Variations]"
Add component (AddParameter): Name = "PN"; Value = "PN-918915"; VariantName = "[No Variations]"
Add component (AddParameter): Name = "Power"; Value = "0.6W"; VariantName = "[No Variations]"
Add component (AddParameter): Name = "SubCategory"; Value = "Resistances film metallique"; VariantName = "[No Variations]"
Add component (AddParameter): Name = "Supplier 1"; Value = "Farnell"; VariantName = "[No Variations]"
Add component (AddParameter): Name = "Supplier 2"; Value = "Mouser"; VariantName = "[No Variations]"
Add component (AddParameter): Name = "Supplier 3"; Value = "Digikey"; VariantName = "[No Variations]"
Add component (AddParameter): Name = "Supplier Part Number 1"; Value = "3399704"; VariantName = "[No Variations]"
Add component (AddParameter): Name = "Supplier Part Number 2"; Value = "279-ROX1SJ3R3"; VariantName = "[No Variations]"
Add component (AddParameter): Name = "Supplier Part Number 3"; Value = "A131468CT-ND"; VariantName = "[No Variations]"
Add component (AddParameter): Name = "Supplier Price 1"; Value = "0.1500"; VariantName = "[No Variations]"
Add component (AddParameter): Name = "TemperatureCoeff"; Value = "±50ppm/°C"; VariantName = "[No Variations]"
Add component (AddParameter): Name = "TemperatureRange"; Value = "-55°C to 155°C"; VariantName = "[No Variations]"
Add component (AddParameter): Name = "Tolerance"; Value = "±1%"; VariantName = "[No Variations]"
Add component (AddParameter): Name = "Value"; Value = "2.2"; VariantName = "[No Variations]"
Add component (AddParameter): Name = "Voltage"; Value = "350V"; VariantName = "[No Variations]"
Added Component: Designator=R10(NEOHM 1W ROX1S)
Add component (AddParameter): Name = "Category"; Value = "Passives"; VariantName = "[No Variations]"
Add component (AddParameter): Name = "Current"; Value = ""; VariantName = "[No Variations]"
Add component (AddParameter): Name = "Dielectric"; Value = ""; VariantName = "[No Variations]"
Add component (AddParameter): Name = "IsStocked"; Value = "1"; VariantName = "[No Variations]"
Add component (AddParameter): Name = "Manufacturer"; Value = "Vishay"; VariantName = "[No Variations]"
Add component (AddParameter): Name = "Manufacturer Number"; Value = "MRS25000C3308FCT00"; VariantName = "[No Variations]"
Add component (AddParameter): Name = "PN"; Value = "PN-918915"; VariantName = "[No Variations]"
Add component (AddParameter): Name = "Power"; Value = "0.6W"; VariantName = "[No Variations]"
Add component (AddParameter): Name = "SubCategory"; Value = "Resistances film metallique"; VariantName = "[No Variations]"
Add component (AddParameter): Name = "Supplier 1"; Value = "Farnell"; VariantName = "[No Variations]"
Add component (AddParameter): Name = "Supplier 2"; Value = "Mouser"; VariantName = "[No Variations]"
Add component (AddParameter): Name = "Supplier 3"; Value = "Digikey"; VariantName = "[No Variations]"
Add component (AddParameter): Name = "Supplier Part Number 1"; Value = "3399704"; VariantName = "[No Variations]"
Add component (AddParameter): Name = "Supplier Part Number 2"; Value = "279-ROX1SJ3R3"; VariantName = "[No Variations]"
Add component (AddParameter): Name = "Supplier Part Number 3"; Value = "A131468CT-ND"; VariantName = "[No Variations]"
Add component (AddParameter): Name = "Supplier Price 1"; Value = "0.1500"; VariantName = "[No Variations]"
Add component (AddParameter): Name = "TemperatureCoeff"; Value = "±50ppm/°C"; VariantName = "[No Variations]"
Add component (AddParameter): Name = "TemperatureRange"; Value = "-55°C to 155°C"; VariantName = "[No Variations]"
Add component (AddParameter): Name = "Tolerance"; Value = "±1%"; VariantName = "[No Variations]"
Add component (AddParameter): Name = "Value"; Value = "2.2"; VariantName = "[No Variations]"
Add component (AddParameter): Name = "Voltage"; Value = "350V"; VariantName = "[No Variations]"
Added Component: Designator=R20(FP-6_560-5005_01-4-MFG)
Added Component: Designator=R25(FP-6_560-5005_01-4-MFG)
Added Component: Designator=R28(DBZ0003A_M)
Added Component: Designator=R42(FP-6_560-5005_01-4-MFG)
Added Component: Designator=R45(DBZ0003A_M)
Add Pin To Net: Unknown Pin: Pin C7-1
Add Pin To Net: Unknown Pin: Pin C7-2
Add Pin To Net: Unknown Pin: Pin K1-1
Add Pin To Net: Unknown Pin: Pin K1-2
Add Pin To Net: Unknown Pin: Pin K1-3
Add Pin To Net: Unknown Pin: Pin K2-1
Add Pin To Net: Unknown Pin: Pin K2-2
Add Pin To Net: Unknown Pin: Pin K2-3
Add Pin To Net: Unknown Pin: Pin K4-1
Add Pin To Net: Unknown Pin: Pin K4-2
Add Pin To Net: Unknown Pin: Pin K4-3
Add Pin To Net: Unknown Pin: Pin K4-4
Add Pin To Net: Unknown Pin: Pin K4-5
Add Pin To Net: Unknown Pin: Pin K4-6
Add Pin To Net: Unknown Pin: Pin K4-8
Add Pin To Net: Unknown Pin: Pin K9-1
Add Pin To Net: Unknown Pin: Pin K9-2
Add Pin To Net: Unknown Pin: Pin K9-3
Add Pin To Net: Unknown Pin: Pin K9-4
Add Pin To Net: Unknown Pin: Pin K9-5
Add Pin To Net: Unknown Pin: Pin K9-6
Add Pin To Net: Unknown Pin: Pin K9-8
Add Pin To Net: Unknown Pin: Pin K10-1
Add Pin To Net: Unknown Pin: Pin K10-2
Add Pin To Net: Unknown Pin: Pin K10-3
Added Pin To Net: NetName=NetC2_2 Pin=R3-1
Added Pin To Net: NetName=VIN Pin=R3-2
Added Pin To Net: NetName=NetC2_2 Pin=R4-1
Added Pin To Net: NetName=VIN Pin=R4-2
Added Pin To Net: NetName=NetK3_2 Pin=R7-1
Added Pin To Net: NetName=NetC1_1 Pin=R7-2
Added Pin To Net: NetName=NetK3_2 Pin=R8-1
Added Pin To Net: NetName=NetC1_1 Pin=R8-2
Added Pin To Net: NetName=NetK3_2 Pin=R9-1
Added Pin To Net: NetName=NetC1_1 Pin=R9-2
Added Pin To Net: NetName=NetK3_2 Pin=R10-1
Added Pin To Net: NetName=NetC1_1 Pin=R10-2
Add Pin To Net: Unknown Pin: Pin R20-1
Add Pin To Net: Unknown Pin: Pin R20-2
Add Pin To Net: Unknown Pin: Pin R25-1
Add Pin To Net: Unknown Pin: Pin R25-2
Add Pin To Net: Unknown Pin: Pin R28-1
Add Pin To Net: Unknown Pin: Pin R28-2
Add Pin To Net: Unknown Pin: Pin R28-3
Add Pin To Net: Unknown Pin: Pin R42-1
Add Pin To Net: Unknown Pin: Pin R42-2
Add Pin To Net: Unknown Pin: Pin R45-1
Add Pin To Net: Unknown Pin: Pin R45-2
Add Pin To Net: Unknown Pin: Pin R45-3
Add Pin To Net: Unknown Pin: Pin X8-1
Add Pin To Net: Unknown Pin: Pin X8-2
Add Pin To Net: Unknown Pin: Pin X9-1
Add Pin To Net: Unknown Pin: Pin X9-2
Add Class Member: Failed to add class member : Component C7 220uF 16V
Add Class Member: Failed to add class member : Component E1 WAKEFIELD THERMAL 678-39-C
Add Class Member: Failed to add class member : Component E2 WAKEFIELD THERMAL 678-39-C
Add Class Member: Failed to add class member : Component K1 BD912
Add Class Member: Failed to add class member : Component K2 LM317T
Add Class Member: Failed to add class member : Component K4 TLC555CDR
Add Class Member: Failed to add class member : Component K9 LM2662M
Add Class Member: Failed to add class member : Component K10 BC857CLT1G
Add Class Member: Failed to add class member : Component P2 Sticker
Added Member To Class: ClassName=Dissipation de puissance Member=Component R3 3R3 1W
Added Member To Class: ClassName=Dissipation de puissance Member=Component R4 3R3 1W
Added Member To Class: ClassName=Dissipation de puissance Member=Component R7 2R2 1W
Added Member To Class: ClassName=Dissipation de puissance Member=Component R8 2R2 1W
Added Member To Class: ClassName=Dissipation de puissance Member=Component R9 2R2 1W
Added Member To Class: ClassName=Dissipation de puissance Member=Component R10 2R2 1W
Add Class Member: Failed to add class member : Component R20 LL4448-GS08
Add Class Member: Failed to add class member : Component R25 LL4448-GS08
Add Class Member: Failed to add class member : Component R28 LM4041CIM3-ADJ
Add Class Member: Failed to add class member : Component R42 LL4448-GS08
Add Class Member: Failed to add class member : Component R45 LM4041CIM3-ADJ
Add Class Member: Failed to add class member : Component W1 WLPF20
Add Class Member: Failed to add class member : Component X8 Solder bridge
Add Class Member: Failed to add class member : Component X9 Solder bridge
