Change Footprint: Cannot match pads with new footprint in component :R32 Footprint:FP-3296W-MFG
Change component parameters: Designator = "R32" ("R32"); Footprint = "FP-3296W-MFG"; UniqueID = "\QIHDFQHJ\KVUAZWRU" ("\QIHDFQHJ\KVUAZWRU")
Change component parameters (AddParameter): Name = "Automotive"; Value = "No"; VariantName = "[No Variations]"
Change component parameters (AddParameter): Name = "Category"; Value = "Res"; VariantName = "[No Variations]"
Change component parameters (AddParameter): Name = "ComponentLink2Description"; Value = "Datasheet"; VariantName = "[No Variations]"
Change component parameters (AddParameter): Name = "ComponentLink2URL"; Value = "https://www.bourns.com/data/global/pdfs/3296.pdf"; VariantName = "[No Variations]"
Change component parameters (AddParameter): Name = "Device Class L1"; Value = "Passive Components"; VariantName = "[No Variations]"
Change component parameters (AddParameter): Name = "Device Class L2"; Value = "Resistors"; VariantName = "[No Variations]"
Change component parameters (AddParameter): Name = "Device Class L3"; Value = "Variable Resistors and Potentiometers"; VariantName = "[No Variations]"
Change component parameters (AddParameter): Name = "Digikey Description"; Value = "TRIMMER 250K OHM 0.5W PC PIN TOP"; VariantName = "[No Variations]"
Change component parameters (AddParameter): Name = "Height"; Value = "12.05mm"; VariantName = "[No Variations]"
Change component parameters (AddParameter): Name = "IsStocked"; Value = "1"; VariantName = "[No Variations]"
Change component parameters (AddParameter): Name = "Lead Free"; Value = "Yes"; VariantName = "[No Variations]"
Change component parameters (AddParameter): Name = "Manufacturer"; Value = "Bourns"; VariantName = "[No Variations]"
Change component parameters (AddParameter): Name = "Manufacturer Part Number"; Value = "3296W-1-254LF"; VariantName = "[No Variations]"
Change component parameters (AddParameter): Name = "Mouser Description"; Value = "Res Cermet Trimmer 250K Ohm 10% 1/2W 25(Elec)Turn 2.19mm (9.53 X 4.83 X 11.55mm) Pin Thru-Hole Tube"; VariantName = "[No Variations]"
Change component parameters (AddParameter): Name = "Octopart"; Value = "https://octopart.com/3296w-1-254lf-bourns-574856"; VariantName = "[No Variations]"
Change component parameters (AddParameter): Name = "Package"; Value = "3296W"; VariantName = "[No Variations]"
Change component parameters (AddParameter): Name = "PN"; Value = "3296W-1-254LF"; VariantName = "[No Variations]"
Change component parameters (AddParameter): Name = "Power Rating"; Value = "0.5W"; VariantName = "[No Variations]"
Change component parameters (AddParameter): Name = "Resistance"; Value = "250kO"; VariantName = "[No Variations]"
Change component parameters (AddParameter): Name = "RoHS"; Value = "TRUE"; VariantName = "[No Variations]"
Change component parameters (AddParameter): Name = "Series"; Value = "Trimpot 3296-Sealed"; VariantName = "[No Variations]"
Change component parameters (AddParameter): Name = "Standoff Height"; Value = "0.38mm"; VariantName = "[No Variations]"
Change component parameters (AddParameter): Name = "Supplier 1"; Value = "Mouser"; VariantName = "[No Variations]"
Change component parameters (AddParameter): Name = "Supplier Part Number 1"; Value = "652-3296W-1-254LF"; VariantName = "[No Variations]"
Change component parameters (AddParameter): Name = "Supplier Price 1"; Value = "2.12"; VariantName = "[No Variations]"
Change component parameters (AddParameter): Name = "Temperature"; Value = "-55°C to +125°C"; VariantName = "[No Variations]"
Change component parameters (AddParameter): Name = "Temperature Coefficient"; Value = "100ppm/°C"; VariantName = "[No Variations]"
Change component parameters (AddParameter): Name = "Temperature Range High"; Value = "+125°C"; VariantName = "[No Variations]"
Change component parameters (AddParameter): Name = "Temperature Range Low"; Value = "-55°C"; VariantName = "[No Variations]"
Change component parameters (AddParameter): Name = "Tolerance"; Value = "10%"; VariantName = "[No Variations]"
Change component parameters (AddParameter): Name = "Value"; Value = "250kO"; VariantName = "[No Variations]"
Change component parameters (AddParameter): Name = "Voltage Rating"; Value = "300V"; VariantName = "[No Variations]"
Added Component: Designator=C7(NIC-CAPA2-6.3X7.7_V)
Added Component: Designator=K4(FP-D0008A-IPC_B)
Added Component: Designator=K9(D0008A_M)
Added Component: Designator=K10(ONSC-SOT-23-3-318-08_V)
Added Component: Designator=R20(FP-6_560-5005_01-4-MFG)
Added Component: Designator=R25(FP-6_560-5005_01-4-MFG)
Added Component: Designator=R28(DBZ0003A_M)
Added Component: Designator=R42(FP-6_560-5005_01-4-MFG)
Added Component: Designator=R45(DBZ0003A_M)
Add Pin To Net: Unknown Pin: Pin C7-1
Add Pin To Net: Unknown Pin: Pin C7-2
Add Pin To Net: Unknown Pin: Pin K1-1
Add Pin To Net: Unknown Pin: Pin K1-2
Add Pin To Net: Unknown Pin: Pin K1-3
Add Pin To Net: Unknown Pin: Pin K2-1
Add Pin To Net: Unknown Pin: Pin K2-2
Add Pin To Net: Unknown Pin: Pin K2-3
Add Pin To Net: Unknown Pin: Pin K4-1
Add Pin To Net: Unknown Pin: Pin K4-2
Add Pin To Net: Unknown Pin: Pin K4-3
Add Pin To Net: Unknown Pin: Pin K4-4
Add Pin To Net: Unknown Pin: Pin K4-5
Add Pin To Net: Unknown Pin: Pin K4-6
Add Pin To Net: Unknown Pin: Pin K4-8
Add Pin To Net: Unknown Pin: Pin K9-1
Add Pin To Net: Unknown Pin: Pin K9-2
Add Pin To Net: Unknown Pin: Pin K9-3
Add Pin To Net: Unknown Pin: Pin K9-4
Add Pin To Net: Unknown Pin: Pin K9-5
Add Pin To Net: Unknown Pin: Pin K9-6
Add Pin To Net: Unknown Pin: Pin K9-8
Add Pin To Net: Unknown Pin: Pin K10-1
Add Pin To Net: Unknown Pin: Pin K10-2
Add Pin To Net: Unknown Pin: Pin K10-3
Add Pin To Net: Unknown Pin: Pin R20-1
Add Pin To Net: Unknown Pin: Pin R20-2
Add Pin To Net: Unknown Pin: Pin R25-1
Add Pin To Net: Unknown Pin: Pin R25-2
Add Pin To Net: Unknown Pin: Pin R28-1
Add Pin To Net: Unknown Pin: Pin R28-2
Add Pin To Net: Unknown Pin: Pin R28-3
Add Pin To Net: Unknown Pin: Pin R42-1
Add Pin To Net: Unknown Pin: Pin R42-2
Add Pin To Net: Unknown Pin: Pin R45-1
Add Pin To Net: Unknown Pin: Pin R45-2
Add Pin To Net: Unknown Pin: Pin R45-3
Add Pin To Net: Unknown Pin: Pin X8-1
Add Pin To Net: Unknown Pin: Pin X8-2
Add Pin To Net: Unknown Pin: Pin X9-1
Add Pin To Net: Unknown Pin: Pin X9-2
Change Net Name : Old Net Name=NetR28_2 New Net Name=NetR28_3
Add Class Member: Failed to add class member : Component C7 220uF 16V
Add Class Member: Failed to add class member : Component E1 WAKEFIELD THERMAL 678-39-C
Add Class Member: Failed to add class member : Component E2 WAKEFIELD THERMAL 678-39-C
Add Class Member: Failed to add class member : Component K1 BD912
Add Class Member: Failed to add class member : Component K2 LM317T
Add Class Member: Failed to add class member : Component K4 TLC555CDR
Add Class Member: Failed to add class member : Component K9 LM2662M
Add Class Member: Failed to add class member : Component K10 BC857CLT1G
Add Class Member: Failed to add class member : Component P2 Sticker
Add Class Member: Failed to add class member : Component R20 LL4448-GS08
Add Class Member: Failed to add class member : Component R25 LL4448-GS08
Add Class Member: Failed to add class member : Component R28 LM4041CIM3-ADJ
Add Class Member: Failed to add class member : Component R42 LL4448-GS08
Add Class Member: Failed to add class member : Component R45 LM4041CIM3-ADJ
Add Class Member: Failed to add class member : Component W1 WLPF20
Add Class Member: Failed to add class member : Component X8 Solder bridge
Add Class Member: Failed to add class member : Component X9 Solder bridge
