Added Component: Designator=C7(NIC-CAPA2-6.3X7.7_V)
Added Component: Designator=K4(FP-D0008A-IPC_B)
Added Component: Designator=K9(D0008A_N)
Add component (AddParameter): Name = "Code_IPC"; Value = "SOIC127P600-8"; VariantName = "[No Variations]"
Add component (AddParameter): Name = "Code_JEDEC"; Value = "MS-012-AA"; VariantName = "[No Variations]"
Add component (AddParameter): Name = "ComponentLink1Description"; Value = "Datasheet URL"; VariantName = "[No Variations]"
Add component (AddParameter): Name = "ComponentLink1URL"; Value = "http://www.ti.com/general/docs/lit/getliterature.tsp?genericPartNumber=LM2662&fileType=pdf"; VariantName = "[No Variations]"
Add component (AddParameter): Name = "CompType"; Value = "Switch Caps"; VariantName = "[No Variations]"
Add component (AddParameter): Name = "High-Reliability"; Value = ""; VariantName = "[No Variations]"
Add component (AddParameter): Name = "IsStocked"; Value = "1"; VariantName = "[No Variations]"
Add component (AddParameter): Name = "Manufacturer"; Value = "Texas Instruments"; VariantName = "[No Variations]"
Add component (AddParameter): Name = "PackageDescription"; Value = "SOIC Narrow, 4.9 x 3.9 x 1.45mm, 8 Lead, 1.27mm Pitch"; VariantName = "[No Variations]"
Add component (AddParameter): Name = "PackageReference"; Value = "D0008A"; VariantName = "[No Variations]"
Add component (AddParameter): Name = "PackageTopMarking"; Value = "NSZXTT*LM26*62M"; VariantName = "[No Variations]"
Add component (AddParameter): Name = "PartNumber"; Value = ""; VariantName = "[No Variations]"
Add component (AddParameter): Name = "PinCount"; Value = "8"; VariantName = "[No Variations]"
Add component (AddParameter): Name = "PN"; Value = "LM2662M"; VariantName = "[No Variations]"
Add component (AddParameter): Name = "PowerWise"; Value = "N"; VariantName = "[No Variations]"
Add component (AddParameter): Name = "RoHS"; Value = "N"; VariantName = "[No Variations]"
Add component (AddParameter): Name = "Supplier 1"; Value = "Farnell"; VariantName = "[No Variations]"
Add component (AddParameter): Name = "Supplier Part Number 1"; Value = "9306803"; VariantName = "[No Variations]"
Add component (AddParameter): Name = "Supplier Price 1"; Value = "2.51"; VariantName = "[No Variations]"
Added Component: Designator=K10(ONSC-SOT-23-3-318-08_V)
Added Component: Designator=R20(FP-6_560-5005_01-4-MFG)
Added Component: Designator=R25(FP-6_560-5005_01-4-MFG)
Added Component: Designator=R28(DBZ0003A_M)
Added Component: Designator=R42(FP-6_560-5005_01-4-MFG)
Added Component: Designator=R45(DBZ0003A_M)
Add Pin To Net: Unknown Pin: Pin C7-1
Add Pin To Net: Unknown Pin: Pin C7-2
Add Pin To Net: Unknown Pin: Pin K1-1
Add Pin To Net: Unknown Pin: Pin K1-2
Add Pin To Net: Unknown Pin: Pin K1-3
Add Pin To Net: Unknown Pin: Pin K2-1
Add Pin To Net: Unknown Pin: Pin K2-2
Add Pin To Net: Unknown Pin: Pin K2-3
Add Pin To Net: Unknown Pin: Pin K4-1
Add Pin To Net: Unknown Pin: Pin K4-2
Add Pin To Net: Unknown Pin: Pin K4-3
Add Pin To Net: Unknown Pin: Pin K4-4
Add Pin To Net: Unknown Pin: Pin K4-5
Add Pin To Net: Unknown Pin: Pin K4-6
Add Pin To Net: Unknown Pin: Pin K4-8
Added Pin To Net: NetName=NetK9_1 Pin=K9-1
Added Pin To Net: NetName=NetC13_2 Pin=K9-2
Added Pin To Net: NetName=GND Pin=K9-3
Added Pin To Net: NetName=NetC13_1 Pin=K9-4
Added Pin To Net: NetName=NetC14_2 Pin=K9-5
Added Pin To Net: NetName=GND Pin=K9-6
Added Pin To Net: NetName=NetC12_2 Pin=K9-8
Add Pin To Net: Unknown Pin: Pin K10-1
Add Pin To Net: Unknown Pin: Pin K10-2
Add Pin To Net: Unknown Pin: Pin K10-3
Add Pin To Net: Unknown Pin: Pin R20-1
Add Pin To Net: Unknown Pin: Pin R20-2
Add Pin To Net: Unknown Pin: Pin R25-1
Add Pin To Net: Unknown Pin: Pin R25-2
Add Pin To Net: Unknown Pin: Pin R28-1
Add Pin To Net: Unknown Pin: Pin R28-2
Add Pin To Net: Unknown Pin: Pin R28-3
Add Pin To Net: Unknown Pin: Pin R42-1
Add Pin To Net: Unknown Pin: Pin R42-2
Add Pin To Net: Unknown Pin: Pin R45-1
Add Pin To Net: Unknown Pin: Pin R45-2
Add Pin To Net: Unknown Pin: Pin R45-3
Add Pin To Net: Unknown Pin: Pin X8-1
Add Pin To Net: Unknown Pin: Pin X8-2
Add Pin To Net: Unknown Pin: Pin X9-1
Add Pin To Net: Unknown Pin: Pin X9-2
Add Class Member: Failed to add class member : Component C7 220uF 16V
Add Class Member: Failed to add class member : Component E1 WAKEFIELD THERMAL 678-39-C
Add Class Member: Failed to add class member : Component E2 WAKEFIELD THERMAL 678-39-C
Add Class Member: Failed to add class member : Component K1 BD912
Add Class Member: Failed to add class member : Component K2 LM317T
Add Class Member: Failed to add class member : Component K4 TLC555CDR
Added Member To Class: ClassName=Pompe de charge Member=Component K9 LM2662M
Add Class Member: Failed to add class member : Component K10 BC857CLT1G
Add Class Member: Failed to add class member : Component P2 Sticker
Add Class Member: Failed to add class member : Component R20 LL4448-GS08
Add Class Member: Failed to add class member : Component R25 LL4448-GS08
Add Class Member: Failed to add class member : Component R28 LM4041CIM3-ADJ
Add Class Member: Failed to add class member : Component R42 LL4448-GS08
Add Class Member: Failed to add class member : Component R45 LM4041CIM3-ADJ
Add Class Member: Failed to add class member : Component W1 WLPF20
Add Class Member: Failed to add class member : Component X8 Solder bridge
Add Class Member: Failed to add class member : Component X9 Solder bridge
