Update Managed Component C? From CMP-065-000038-2[100nF] To CMP-065-000038-2[100nF] in Timer 555.SchDoc
Update Managed Component C? From CMP-0687-00060-1[UUD1C221MCL1GS] To CMP-0687-00060-1[220uF 16V] in Timer 555.SchDoc
Update Managed Component C? From CMP-065-000010-2[10nF] To CMP-065-000010-2[10nF] in Timer 555.SchDoc
Update Managed Component C? From CMP-065-000041-2[1uF] To CMP-065-000041-2[1uF] in Timer 555.SchDoc
Update Managed Component C? From CMP-065-000038-2[100nF] To CMP-065-000038-2[100nF] in Timer 555.SchDoc
Update Managed Component C? From CMP-065-000041-2[1uF] To CMP-065-000041-2[1uF] in Timer 555.SchDoc
Update Managed Component D? From CMP-00252-16640727-1[BZV55C5V6] To CMP-00252-16640727-1[BZV55C5V6] in Timer 555.SchDoc
Update Managed Component D? From CMP-249167-000001-1[LL4448-GS08] To CMP-249167-000001-1[LL4448-GS08] in Timer 555.SchDoc
Update Managed Component D? From CMP-249167-000001-1[LL4448-GS08] To CMP-249167-000001-1[LL4448-GS08] in Timer 555.SchDoc
Replace Part K? BC847C in C:\Users\alyvasseur\Education Vaud\ETML_FLO-22-24_Teams - Vasseur\DAT\1438\5-Hardware\1438-5100-Puit de courant\Timer 555.SchDoc with BC847C from BC847C.SchLib
Replace Part K? BC847C in C:\Users\alyvasseur\Education Vaud\ETML_FLO-22-24_Teams - Vasseur\DAT\1438\5-Hardware\1438-5100-Puit de courant\Timer 555.SchDoc with BC847C from BC847C.SchLib
Replace Part K? BC847C in C:\Users\alyvasseur\Education Vaud\ETML_FLO-22-24_Teams - Vasseur\DAT\1438\5-Hardware\1438-5100-Puit de courant\Timer 555.SchDoc with BC847C from BC847C.SchLib
Update Managed Component Q? From CMP-1048-00802-1[BC857CLT1G] To CMP-1048-00802-1[BC857CLT1G] in Timer 555.SchDoc
Update Managed Component R? From CMP-066-000215-2[220k] To CMP-066-000215-2[220k] in Timer 555.SchDoc
Update Managed Component R? From CMP-066-000199-2[10k] To CMP-066-000199-2[10k] in Timer 555.SchDoc
Update Managed Component R? From CMP-066-000199-2[10k] To CMP-066-000199-2[10k] in Timer 555.SchDoc
Update Managed Component R? From CMP-066-000187-2[1k0] To CMP-066-000187-2[1k0] in Timer 555.SchDoc
Update Managed Component R? From CMP-066-000223-2[1M] To CMP-066-000223-2[1M] in Timer 555.SchDoc
Update Managed Component R? From CMP-066-000203-2[22k] To CMP-066-000203-2[22k] in Timer 555.SchDoc
Update Managed Component R? From CMP-066-000214-2[180k] To CMP-066-000214-2[180k] in Timer 555.SchDoc
Update Managed Component R? From CMP-066-000192-2[2k7] To CMP-066-000192-2[2k7] in Timer 555.SchDoc
Update Managed Component R? From CMP-066-000213-2[150k] To CMP-066-000213-2[150k] in Timer 555.SchDoc
Update Managed Component R? From CMP-066-000196-2[5k6] To CMP-066-000196-2[5k6] in Timer 555.SchDoc
Update Managed Component R? From CMP-066-000187-2[1k0] To CMP-066-000187-2[1k0] in Timer 555.SchDoc
Update Managed Component R? From CMP-066-000207-2[47k] To CMP-066-000207-2[47k] in Timer 555.SchDoc
Update Managed Component R? From CMP-066-000213-2[150k] To CMP-066-000213-2[150k] in Timer 555.SchDoc
Update Managed Component R? From CMP-07234-000001-1[250K] To CMP-07234-000001-1[250K] in Timer 555.SchDoc
Update Managed Component U? From CMP-04857-000001-1[TLC555CDR] To CMP-04857-000001-1[TLC555CDR] in Timer 555.SchDoc
Update Managed Component U? From CMP-0074-00726-3[LM4041] To CMP-0074-00726-3[LM4041CIM3-ADJ] in Timer 555.SchDoc
Update Managed Component X? From CMP-054-000008-1[2.54] To CMP-054-000008-1[2.54] in Timer 555.SchDoc
Update Managed Component X? From CMP-054-000008-1[2.54] To CMP-054-000008-1[2.54] in Timer 555.SchDoc
