Replace Part * WAKEFIELD THERMAL 678-39-C in C:\Users\alyvasseur\Education Vaud\ETML_FLO-22-24_Teams - Vasseur\DAT\1438\5-Hardware\1438-5100-Puit de courant\Dissipation de puissance.SchDoc with WAKEFIELD THERMAL 678-39-C from WAKEFIELD THERMAL 678-39-C element for BOM.SchLib
Replace Part * WAKEFIELD THERMAL 678-39-C in C:\Users\alyvasseur\Education Vaud\ETML_FLO-22-24_Teams - Vasseur\DAT\1438\5-Hardware\1438-5100-Puit de courant\Dissipation de puissance.SchDoc with WAKEFIELD THERMAL 678-39-C from WAKEFIELD THERMAL 678-39-C element for BOM.SchLib
Update Managed Component C? From CMP-065-000041-2[1uF] To CMP-065-000041-2[1uF] in Dissipation de puissance.SchDoc
Update Managed Component C? From CMP-065-000038-2[100nF] To CMP-065-000038-2[100nF] in Dissipation de puissance.SchDoc
Update Managed Component C? From CMP-065-000038-2[100nF] To CMP-065-000038-2[100nF] in Dissipation de puissance.SchDoc
Update Managed Component C? From CMP-065-000038-2[100nF] To CMP-065-000038-2[100nF] in Dissipation de puissance.SchDoc
Update Managed Component C? From CMP-065-000038-2[100nF] To CMP-065-000038-2[100nF] in Dissipation de puissance.SchDoc
Update Managed Component F? From CMP-067-000003-1[5x20mm] To CMP-067-000003-1[5x20mm] in Dissipation de puissance.SchDoc
Replace Part K? BD910 in C:\Users\alyvasseur\Education Vaud\ETML_FLO-22-24_Teams - Vasseur\DAT\1438\5-Hardware\1438-5100-Puit de courant\Dissipation de puissance.SchDoc with BD910 from BD910.SchLib
Replace Part K? IRLR7843 in C:\Users\alyvasseur\Education Vaud\ETML_FLO-22-24_Teams - Vasseur\DAT\1438\5-Hardware\1438-5100-Puit de courant\Dissipation de puissance.SchDoc with IRLR7843 from IRLR7843.SchLib
Update Managed Component K? From CMP-054-000000-1[4mm/BK] To CMP-054-000000-1[4mm/BK] in Dissipation de puissance.SchDoc
Replace Part K? LM317T in C:\Users\alyvasseur\Education Vaud\ETML_FLO-22-24_Teams - Vasseur\DAT\1438\5-Hardware\1438-5100-Puit de courant\Dissipation de puissance.SchDoc with LM317T from LM317T.SchLib
Replace Part K? IRLR7843 in C:\Users\alyvasseur\Education Vaud\ETML_FLO-22-24_Teams - Vasseur\DAT\1438\5-Hardware\1438-5100-Puit de courant\Dissipation de puissance.SchDoc with IRLR7843 from IRLR7843.SchLib
Update Managed Component K? From CMP-054-000001-1[4mm/RD] To CMP-054-000001-1[4mm/RD] in Dissipation de puissance.SchDoc
Update Managed Component R? From CMP-066-000207-2[47k] To CMP-066-000207-2[47k] in Dissipation de puissance.SchDoc
Update Managed Component R? From CMP-066-000235-2[5k] To CMP-066-000235-2[5k] in Dissipation de puissance.SchDoc
Update Managed Component R? From CMP-066-000150-2[0R] To CMP-066-000150-2[0R] in Dissipation de puissance.SchDoc
Update Managed Component R? From CMP-066-000235-2[5k] To CMP-066-000235-2[5k] in Dissipation de puissance.SchDoc
Update Managed Component R? From CMP-066-000179-2[240R] To CMP-066-000179-2[220R] in Dissipation de puissance.SchDoc
Replace Part R? NEOHM - TE CONNECTIVITY ROX1SJ2R2 in C:\Users\alyvasseur\Education Vaud\ETML_FLO-22-24_Teams - Vasseur\DAT\1438\5-Hardware\1438-5100-Puit de courant\Dissipation de puissance.SchDoc with NEOHM - TE CONNECTIVITY ROX1SJ2R2 from NEOHM 1W 3R3.SchLib
Replace Part R? NEOHM - TE CONNECTIVITY ROX1SJ2R2 in C:\Users\alyvasseur\Education Vaud\ETML_FLO-22-24_Teams - Vasseur\DAT\1438\5-Hardware\1438-5100-Puit de courant\Dissipation de puissance.SchDoc with NEOHM - TE CONNECTIVITY ROX1SJ2R2 from NEOHM 1W 3R3.SchLib
Update Managed Component R? From CMP-066-000203-2[22k] To CMP-066-000203-2[22k] in Dissipation de puissance.SchDoc
Update Managed Component R? From CMP-066-000203-2[22k] To CMP-066-000203-2[22k] in Dissipation de puissance.SchDoc
Update Managed Component R? From CMP-066-000177-2[150R] To CMP-066-000177-2[150R] in Dissipation de puissance.SchDoc
Update Managed Component R? From CMP-066-000199-2[10k] To CMP-066-000199-2[10k] in Dissipation de puissance.SchDoc
Replace Part R? NEOHM - TE CONNECTIVITY ROX1SJ2R2 in C:\Users\alyvasseur\Education Vaud\ETML_FLO-22-24_Teams - Vasseur\DAT\1438\5-Hardware\1438-5100-Puit de courant\Dissipation de puissance.SchDoc with NEOHM - TE CONNECTIVITY ROX1SJ2R2 from NEOHM 1W 3R3.SchLib
Replace Part R? NEOHM - TE CONNECTIVITY ROX1SJ2R2 in C:\Users\alyvasseur\Education Vaud\ETML_FLO-22-24_Teams - Vasseur\DAT\1438\5-Hardware\1438-5100-Puit de courant\Dissipation de puissance.SchDoc with NEOHM - TE CONNECTIVITY ROX1SJ2R2 from NEOHM 1W 3R3.SchLib
Update Managed Component R? From CMP-066-000190-2[1K8] To CMP-066-000190-2[1K8] in Dissipation de puissance.SchDoc
Update Managed Component R? From CMP-066-000215-2[220k] To CMP-066-000215-2[220k] in Dissipation de puissance.SchDoc
Update Managed Component R? From CMP-066-000199-2[10k] To CMP-066-000199-2[10k] in Dissipation de puissance.SchDoc
Update Managed Component R? From CMP-066-000179-2[220R] To CMP-066-000179-2[220R] in Dissipation de puissance.SchDoc
Update Managed Component X? From CMP-055-000006-1[2.54] To CMP-055-000006-1[2.54] in Dissipation de puissance.SchDoc
Update Managed Component X? From CMP-054-000008-1[2.54] To CMP-054-000008-1[2.54] in Dissipation de puissance.SchDoc
Update Managed Component X? From CMP-055-000006-1[2.54] To CMP-055-000006-1[2.54] in Dissipation de puissance.SchDoc
